[debug] [2024-11-22T02:37:05.200Z] ----------------------------------------------------------------------
[debug] [2024-11-22T02:37:05.202Z] Command:       C:\Program Files\nodejs\node.exe C:\Users\GGPC\AppData\Roaming\npm\node_modules\firebase-tools\lib\bin\firebase.js deploy
[debug] [2024-11-22T02:37:05.203Z] CLI Version:   13.24.0
[debug] [2024-11-22T02:37:05.203Z] Platform:      win32
[debug] [2024-11-22T02:37:05.203Z] Node Version:  v23.1.0
[debug] [2024-11-22T02:37:05.203Z] Time:          Fri Nov 22 2024 15:37:05 GMT+1300 (New Zealand Daylight Time)
[debug] [2024-11-22T02:37:05.203Z] ----------------------------------------------------------------------
[debug] 
[debug] [2024-11-22T02:37:05.206Z] >>> [apiv2][query] GET https://firebase-public.firebaseio.com/cli.json [none]
[debug] [2024-11-22T02:37:05.298Z] > command requires scopes: ["email","openid","https://www.googleapis.com/auth/cloudplatformprojects.readonly","https://www.googleapis.com/auth/firebase","https://www.googleapis.com/auth/cloud-platform"]
[debug] [2024-11-22T02:37:05.299Z] > authorizing via signed-in user (stiaan44@gmail.com)
[debug] [2024-11-22T02:37:05.299Z] [iam] checking project fire-wood-c69f3 for permissions ["cloudfunctions.functions.create","cloudfunctions.functions.delete","cloudfunctions.functions.get","cloudfunctions.functions.list","cloudfunctions.functions.update","cloudfunctions.operations.get","datastore.indexes.create","datastore.indexes.delete","datastore.indexes.list","datastore.indexes.update","firebase.projects.get","firebasehosting.sites.update","firebaserules.releases.create","firebaserules.releases.update","firebaserules.rulesets.create"]
[debug] [2024-11-22T02:37:05.299Z] Checked if tokens are valid: false, expires at: 1731020659628
[debug] [2024-11-22T02:37:05.300Z] Checked if tokens are valid: false, expires at: 1731020659628
[debug] [2024-11-22T02:37:05.300Z] > refreshing access token with scopes: []
[debug] [2024-11-22T02:37:05.300Z] >>> [apiv2][query] POST https://www.googleapis.com/oauth2/v3/token [none]
[debug] [2024-11-22T02:37:05.300Z] >>> [apiv2][body] POST https://www.googleapis.com/oauth2/v3/token [omitted]
[debug] [2024-11-22T02:37:06.139Z] <<< [apiv2][status] GET https://firebase-public.firebaseio.com/cli.json 200
[debug] [2024-11-22T02:37:06.140Z] <<< [apiv2][body] GET https://firebase-public.firebaseio.com/cli.json {"cloudBuildErrorAfter":1594252800000,"cloudBuildWarnAfter":1590019200000,"defaultNode10After":1594252800000,"minVersion":"3.0.5","node8DeploysDisabledAfter":1613390400000,"node8RuntimeDisabledAfter":1615809600000,"node8WarnAfter":1600128000000}
[debug] [2024-11-22T02:37:06.158Z] <<< [apiv2][status] POST https://www.googleapis.com/oauth2/v3/token 200
[debug] [2024-11-22T02:37:06.158Z] <<< [apiv2][body] POST https://www.googleapis.com/oauth2/v3/token [omitted]
[debug] [2024-11-22T02:37:06.163Z] >>> [apiv2][query] POST https://cloudresourcemanager.googleapis.com/v1/projects/fire-wood-c69f3:testIamPermissions [none]
[debug] [2024-11-22T02:37:06.163Z] >>> [apiv2][(partial)header] POST https://cloudresourcemanager.googleapis.com/v1/projects/fire-wood-c69f3:testIamPermissions x-goog-quota-user=projects/fire-wood-c69f3
[debug] [2024-11-22T02:37:06.163Z] >>> [apiv2][body] POST https://cloudresourcemanager.googleapis.com/v1/projects/fire-wood-c69f3:testIamPermissions {"permissions":["cloudfunctions.functions.create","cloudfunctions.functions.delete","cloudfunctions.functions.get","cloudfunctions.functions.list","cloudfunctions.functions.update","cloudfunctions.operations.get","datastore.indexes.create","datastore.indexes.delete","datastore.indexes.list","datastore.indexes.update","firebase.projects.get","firebasehosting.sites.update","firebaserules.releases.create","firebaserules.releases.update","firebaserules.rulesets.create"]}
[debug] [2024-11-22T02:37:07.026Z] <<< [apiv2][status] POST https://cloudresourcemanager.googleapis.com/v1/projects/fire-wood-c69f3:testIamPermissions 200
[debug] [2024-11-22T02:37:07.026Z] <<< [apiv2][body] POST https://cloudresourcemanager.googleapis.com/v1/projects/fire-wood-c69f3:testIamPermissions {"permissions":["cloudfunctions.functions.create","cloudfunctions.functions.delete","cloudfunctions.functions.get","cloudfunctions.functions.list","cloudfunctions.functions.update","cloudfunctions.operations.get","datastore.indexes.create","datastore.indexes.delete","datastore.indexes.list","datastore.indexes.update","firebase.projects.get","firebasehosting.sites.update","firebaserules.releases.create","firebaserules.releases.update","firebaserules.rulesets.create"]}
[debug] [2024-11-22T02:37:07.026Z] Checked if tokens are valid: true, expires at: 1732246625158
[debug] [2024-11-22T02:37:07.026Z] Checked if tokens are valid: true, expires at: 1732246625158
[debug] [2024-11-22T02:37:07.026Z] >>> [apiv2][query] POST https://iam.googleapis.com/v1/projects/fire-wood-c69f3/serviceAccounts/fire-wood-c69f3@appspot.gserviceaccount.com:testIamPermissions [none]
[debug] [2024-11-22T02:37:07.026Z] >>> [apiv2][body] POST https://iam.googleapis.com/v1/projects/fire-wood-c69f3/serviceAccounts/fire-wood-c69f3@appspot.gserviceaccount.com:testIamPermissions {"permissions":["iam.serviceAccounts.actAs"]}
[debug] [2024-11-22T02:37:07.917Z] <<< [apiv2][status] POST https://iam.googleapis.com/v1/projects/fire-wood-c69f3/serviceAccounts/fire-wood-c69f3@appspot.gserviceaccount.com:testIamPermissions 200
[debug] [2024-11-22T02:37:07.917Z] <<< [apiv2][body] POST https://iam.googleapis.com/v1/projects/fire-wood-c69f3/serviceAccounts/fire-wood-c69f3@appspot.gserviceaccount.com:testIamPermissions {"permissions":["iam.serviceAccounts.actAs"]}
[debug] [2024-11-22T02:37:07.917Z] Checked if tokens are valid: true, expires at: 1732246625158
[debug] [2024-11-22T02:37:07.917Z] Checked if tokens are valid: true, expires at: 1732246625158
[debug] [2024-11-22T02:37:07.918Z] >>> [apiv2][query] GET https://firebase.googleapis.com/v1beta1/projects/fire-wood-c69f3 [none]
[debug] [2024-11-22T02:37:08.896Z] <<< [apiv2][status] GET https://firebase.googleapis.com/v1beta1/projects/fire-wood-c69f3 200
[debug] [2024-11-22T02:37:08.897Z] <<< [apiv2][body] GET https://firebase.googleapis.com/v1beta1/projects/fire-wood-c69f3 {"projectId":"fire-wood-c69f3","projectNumber":"161130091457","displayName":"Fire Wood","name":"projects/fire-wood-c69f3","resources":{"hostingSite":"fire-wood-c69f3","storageBucket":"fire-wood-c69f3.appspot.com","locationId":"australia-southeast1"},"state":"ACTIVE","etag":"1_54eaaecd-57ca-4476-9bc1-56e83109d9d0"}
[info] 
[info] === Deploying to 'fire-wood-c69f3'...
[info] 
[info] i  deploying storage, firestore, functions, hosting 
[info] Running command: npm --prefix "$RESOURCE_DIR" run lint
[info] +  functions: Finished running predeploy script. 
[info] i  storage: ensuring required API firebasestorage.googleapis.com is enabled... 
[debug] [2024-11-22T02:37:11.850Z] Checked if tokens are valid: true, expires at: 1732246625158
[debug] [2024-11-22T02:37:11.850Z] Checked if tokens are valid: true, expires at: 1732246625158
[debug] [2024-11-22T02:37:11.850Z] >>> [apiv2][query] GET https://serviceusage.googleapis.com/v1/projects/fire-wood-c69f3/services/firebasestorage.googleapis.com [none]
[debug] [2024-11-22T02:37:11.850Z] >>> [apiv2][(partial)header] GET https://serviceusage.googleapis.com/v1/projects/fire-wood-c69f3/services/firebasestorage.googleapis.com x-goog-quota-user=projects/fire-wood-c69f3
[debug] [2024-11-22T02:37:12.771Z] <<< [apiv2][status] GET https://serviceusage.googleapis.com/v1/projects/fire-wood-c69f3/services/firebasestorage.googleapis.com 200
[debug] [2024-11-22T02:37:12.771Z] <<< [apiv2][body] GET https://serviceusage.googleapis.com/v1/projects/fire-wood-c69f3/services/firebasestorage.googleapis.com [omitted]
[info] +  storage: required API firebasestorage.googleapis.com is enabled 
[debug] [2024-11-22T02:37:12.771Z] Checked if tokens are valid: true, expires at: 1732246625158
[debug] [2024-11-22T02:37:12.771Z] Checked if tokens are valid: true, expires at: 1732246625158
[debug] [2024-11-22T02:37:12.772Z] >>> [apiv2][query] GET https://firebasestorage.googleapis.com/v1alpha/projects/fire-wood-c69f3/defaultBucket [none]
[debug] [2024-11-22T02:37:14.448Z] <<< [apiv2][status] GET https://firebasestorage.googleapis.com/v1alpha/projects/fire-wood-c69f3/defaultBucket 200
[debug] [2024-11-22T02:37:14.448Z] <<< [apiv2][body] GET https://firebasestorage.googleapis.com/v1alpha/projects/fire-wood-c69f3/defaultBucket {"name":"projects/fire-wood-c69f3/defaultBucket","location":"AUSTRALIA-SOUTHEAST1","bucket":{"name":"projects/fire-wood-c69f3/buckets/fire-wood-c69f3.appspot.com"},"storageClass":"STANDARD"}
[info] i  firebase.storage: checking storage.rules for compilation errors... 
[debug] [2024-11-22T02:37:14.449Z] Checked if tokens are valid: true, expires at: 1732246625158
[debug] [2024-11-22T02:37:14.450Z] Checked if tokens are valid: true, expires at: 1732246625158
[debug] [2024-11-22T02:37:14.450Z] >>> [apiv2][query] POST https://firebaserules.googleapis.com/v1/projects/fire-wood-c69f3:test [none]
[debug] [2024-11-22T02:37:14.450Z] >>> [apiv2][body] POST https://firebaserules.googleapis.com/v1/projects/fire-wood-c69f3:test [omitted]
[debug] [2024-11-22T02:37:15.336Z] <<< [apiv2][status] POST https://firebaserules.googleapis.com/v1/projects/fire-wood-c69f3:test 200
[debug] [2024-11-22T02:37:15.336Z] <<< [apiv2][body] POST https://firebaserules.googleapis.com/v1/projects/fire-wood-c69f3:test {}
[info] +  firebase.storage: rules file storage.rules compiled successfully 
[info] i  firestore: reading indexes from firestore.indexes.json... 
[info] i  cloud.firestore: checking firestore.rules for compilation errors... 
[debug] [2024-11-22T02:37:15.338Z] Checked if tokens are valid: true, expires at: 1732246625158
[debug] [2024-11-22T02:37:15.338Z] Checked if tokens are valid: true, expires at: 1732246625158
[debug] [2024-11-22T02:37:15.338Z] >>> [apiv2][query] POST https://firebaserules.googleapis.com/v1/projects/fire-wood-c69f3:test [none]
[debug] [2024-11-22T02:37:15.338Z] >>> [apiv2][body] POST https://firebaserules.googleapis.com/v1/projects/fire-wood-c69f3:test [omitted]
[debug] [2024-11-22T02:37:15.559Z] <<< [apiv2][status] POST https://firebaserules.googleapis.com/v1/projects/fire-wood-c69f3:test 200
[debug] [2024-11-22T02:37:15.560Z] <<< [apiv2][body] POST https://firebaserules.googleapis.com/v1/projects/fire-wood-c69f3:test {}
[info] +  cloud.firestore: rules file firestore.rules compiled successfully 
[debug] [2024-11-22T02:37:15.561Z] Checked if tokens are valid: true, expires at: 1732246625158
[debug] [2024-11-22T02:37:15.561Z] Checked if tokens are valid: true, expires at: 1732246625158
[debug] [2024-11-22T02:37:15.561Z] >>> [apiv2][query] GET https://firebase.googleapis.com/v1beta1/projects/fire-wood-c69f3 [none]
[debug] [2024-11-22T02:37:16.260Z] <<< [apiv2][status] GET https://firebase.googleapis.com/v1beta1/projects/fire-wood-c69f3 200
[debug] [2024-11-22T02:37:16.260Z] <<< [apiv2][body] GET https://firebase.googleapis.com/v1beta1/projects/fire-wood-c69f3 {"projectId":"fire-wood-c69f3","projectNumber":"161130091457","displayName":"Fire Wood","name":"projects/fire-wood-c69f3","resources":{"hostingSite":"fire-wood-c69f3","storageBucket":"fire-wood-c69f3.appspot.com","locationId":"australia-southeast1"},"state":"ACTIVE","etag":"1_54eaaecd-57ca-4476-9bc1-56e83109d9d0"}
[info] i  functions: preparing codebase default for deployment 
[info] i  functions: ensuring required API cloudfunctions.googleapis.com is enabled... 
[debug] [2024-11-22T02:37:16.261Z] Checked if tokens are valid: true, expires at: 1732246625158
[debug] [2024-11-22T02:37:16.261Z] Checked if tokens are valid: true, expires at: 1732246625158
[debug] [2024-11-22T02:37:16.261Z] Checked if tokens are valid: true, expires at: 1732246625158
[debug] [2024-11-22T02:37:16.261Z] Checked if tokens are valid: true, expires at: 1732246625158
[info] i  functions: ensuring required API cloudbuild.googleapis.com is enabled... 
[debug] [2024-11-22T02:37:16.261Z] Checked if tokens are valid: true, expires at: 1732246625158
[debug] [2024-11-22T02:37:16.262Z] Checked if tokens are valid: true, expires at: 1732246625158
[info] i  artifactregistry: ensuring required API artifactregistry.googleapis.com is enabled... 
[debug] [2024-11-22T02:37:16.262Z] Checked if tokens are valid: true, expires at: 1732246625158
[debug] [2024-11-22T02:37:16.262Z] Checked if tokens are valid: true, expires at: 1732246625158
[debug] [2024-11-22T02:37:16.262Z] >>> [apiv2][query] GET https://serviceusage.googleapis.com/v1/projects/fire-wood-c69f3/services/cloudfunctions.googleapis.com [none]
[debug] [2024-11-22T02:37:16.262Z] >>> [apiv2][(partial)header] GET https://serviceusage.googleapis.com/v1/projects/fire-wood-c69f3/services/cloudfunctions.googleapis.com x-goog-quota-user=projects/fire-wood-c69f3
[debug] [2024-11-22T02:37:16.263Z] >>> [apiv2][query] GET https://serviceusage.googleapis.com/v1/projects/fire-wood-c69f3/services/runtimeconfig.googleapis.com [none]
[debug] [2024-11-22T02:37:16.263Z] >>> [apiv2][(partial)header] GET https://serviceusage.googleapis.com/v1/projects/fire-wood-c69f3/services/runtimeconfig.googleapis.com x-goog-quota-user=projects/fire-wood-c69f3
[debug] [2024-11-22T02:37:16.264Z] >>> [apiv2][query] GET https://serviceusage.googleapis.com/v1/projects/fire-wood-c69f3/services/cloudbuild.googleapis.com [none]
[debug] [2024-11-22T02:37:16.264Z] >>> [apiv2][(partial)header] GET https://serviceusage.googleapis.com/v1/projects/fire-wood-c69f3/services/cloudbuild.googleapis.com x-goog-quota-user=projects/fire-wood-c69f3
[debug] [2024-11-22T02:37:16.265Z] >>> [apiv2][query] GET https://serviceusage.googleapis.com/v1/projects/fire-wood-c69f3/services/artifactregistry.googleapis.com [none]
[debug] [2024-11-22T02:37:16.265Z] >>> [apiv2][(partial)header] GET https://serviceusage.googleapis.com/v1/projects/fire-wood-c69f3/services/artifactregistry.googleapis.com x-goog-quota-user=projects/fire-wood-c69f3
[debug] [2024-11-22T02:37:16.580Z] <<< [apiv2][status] GET https://serviceusage.googleapis.com/v1/projects/fire-wood-c69f3/services/cloudfunctions.googleapis.com 200
[debug] [2024-11-22T02:37:16.580Z] <<< [apiv2][body] GET https://serviceusage.googleapis.com/v1/projects/fire-wood-c69f3/services/cloudfunctions.googleapis.com [omitted]
[info] +  functions: required API cloudfunctions.googleapis.com is enabled 
[debug] [2024-11-22T02:37:16.981Z] <<< [apiv2][status] GET https://serviceusage.googleapis.com/v1/projects/fire-wood-c69f3/services/cloudbuild.googleapis.com 200
[debug] [2024-11-22T02:37:16.981Z] <<< [apiv2][body] GET https://serviceusage.googleapis.com/v1/projects/fire-wood-c69f3/services/cloudbuild.googleapis.com [omitted]
[info] +  functions: required API cloudbuild.googleapis.com is enabled 
[debug] [2024-11-22T02:37:16.982Z] <<< [apiv2][status] GET https://serviceusage.googleapis.com/v1/projects/fire-wood-c69f3/services/runtimeconfig.googleapis.com 200
[debug] [2024-11-22T02:37:16.982Z] <<< [apiv2][body] GET https://serviceusage.googleapis.com/v1/projects/fire-wood-c69f3/services/runtimeconfig.googleapis.com [omitted]
[debug] [2024-11-22T02:37:16.993Z] <<< [apiv2][status] GET https://serviceusage.googleapis.com/v1/projects/fire-wood-c69f3/services/artifactregistry.googleapis.com 200
[debug] [2024-11-22T02:37:16.993Z] <<< [apiv2][body] GET https://serviceusage.googleapis.com/v1/projects/fire-wood-c69f3/services/artifactregistry.googleapis.com [omitted]
[info] +  artifactregistry: required API artifactregistry.googleapis.com is enabled 
[debug] [2024-11-22T02:37:16.993Z] Checked if tokens are valid: true, expires at: 1732246625158
[debug] [2024-11-22T02:37:16.993Z] Checked if tokens are valid: true, expires at: 1732246625158
[debug] [2024-11-22T02:37:16.993Z] >>> [apiv2][query] GET https://firebase.googleapis.com/v1beta1/projects/fire-wood-c69f3/adminSdkConfig [none]
[debug] [2024-11-22T02:37:18.105Z] <<< [apiv2][status] GET https://firebase.googleapis.com/v1beta1/projects/fire-wood-c69f3/adminSdkConfig 200
[debug] [2024-11-22T02:37:18.105Z] <<< [apiv2][body] GET https://firebase.googleapis.com/v1beta1/projects/fire-wood-c69f3/adminSdkConfig {"projectId":"fire-wood-c69f3","storageBucket":"fire-wood-c69f3.appspot.com","locationId":"australia-southeast1"}
[debug] [2024-11-22T02:37:18.105Z] Checked if tokens are valid: true, expires at: 1732246625158
[debug] [2024-11-22T02:37:18.105Z] Checked if tokens are valid: true, expires at: 1732246625158
[debug] [2024-11-22T02:37:18.105Z] >>> [apiv2][query] GET https://runtimeconfig.googleapis.com/v1beta1/projects/fire-wood-c69f3/configs [none]
[debug] [2024-11-22T02:37:19.012Z] <<< [apiv2][status] GET https://runtimeconfig.googleapis.com/v1beta1/projects/fire-wood-c69f3/configs 200
[debug] [2024-11-22T02:37:19.012Z] <<< [apiv2][body] GET https://runtimeconfig.googleapis.com/v1beta1/projects/fire-wood-c69f3/configs {}
[debug] [2024-11-22T02:37:19.013Z] Validating nodejs source
[warn] !  functions: package.json indicates an outdated version of firebase-functions. Please upgrade using npm install --save firebase-functions@latest in your functions directory. 
[debug] [2024-11-22T02:37:19.939Z] > [functions] package.json contents: {
  "name": "functions",
  "description": "Cloud Functions for Firebase",
  "scripts": {
    "lint": "eslint .",
    "serve": "firebase emulators:start --only functions",
    "shell": "firebase functions:shell",
    "start": "npm run shell",
    "deploy": "firebase deploy --only functions",
    "logs": "firebase functions:log"
  },
  "engines": {
    "node": "18"
  },
  "main": "index.js",
  "dependencies": {
    "firebase-admin": "^12.6.0",
    "firebase-functions": "^6.0.1"
  },
  "devDependencies": {
    "eslint": "^8.15.0",
    "eslint-config-google": "^0.14.0",
    "firebase-functions-test": "^3.1.0"
  },
  "private": true
}
[debug] [2024-11-22T02:37:19.939Z] Building nodejs source
[info] i  functions: Loading and analyzing source code for codebase default to determine what to deploy 
[debug] [2024-11-22T02:37:19.940Z] Could not find functions.yaml. Must use http discovery
[debug] [2024-11-22T02:37:19.945Z] Found firebase-functions binary at 'C:\Users\GGPC\Desktop\Code\Fire Wood\fire-wood\functions\node_modules\.bin\firebase-functions'
[info] Serving at port 8047

[debug] [2024-11-22T02:37:20.174Z] Got response from /__/functions.yaml {"endpoints":{},"specVersion":"v1alpha1","requiredAPIs":[],"extensions":{}}
[info] i  extensions: ensuring required API firebaseextensions.googleapis.com is enabled... 
[debug] [2024-11-22T02:37:24.194Z] Checked if tokens are valid: true, expires at: 1732246625158
[debug] [2024-11-22T02:37:24.194Z] Checked if tokens are valid: true, expires at: 1732246625158
[debug] [2024-11-22T02:37:24.194Z] >>> [apiv2][query] GET https://serviceusage.googleapis.com/v1/projects/fire-wood-c69f3/services/firebaseextensions.googleapis.com [none]
[debug] [2024-11-22T02:37:24.194Z] >>> [apiv2][(partial)header] GET https://serviceusage.googleapis.com/v1/projects/fire-wood-c69f3/services/firebaseextensions.googleapis.com x-goog-quota-user=projects/fire-wood-c69f3
[debug] [2024-11-22T02:37:24.910Z] <<< [apiv2][status] GET https://serviceusage.googleapis.com/v1/projects/fire-wood-c69f3/services/firebaseextensions.googleapis.com 200
[debug] [2024-11-22T02:37:24.910Z] <<< [apiv2][body] GET https://serviceusage.googleapis.com/v1/projects/fire-wood-c69f3/services/firebaseextensions.googleapis.com [omitted]
[info] +  extensions: required API firebaseextensions.googleapis.com is enabled 
[debug] [2024-11-22T02:37:24.911Z] > command requires scopes: ["email","openid","https://www.googleapis.com/auth/cloudplatformprojects.readonly","https://www.googleapis.com/auth/firebase","https://www.googleapis.com/auth/cloud-platform"]
[debug] [2024-11-22T02:37:24.911Z] > authorizing via signed-in user (stiaan44@gmail.com)
[debug] [2024-11-22T02:37:24.911Z] [iam] checking project fire-wood-c69f3 for permissions ["firebase.projects.get","firebaseextensions.instances.list"]
[debug] [2024-11-22T02:37:24.911Z] Checked if tokens are valid: true, expires at: 1732246625158
[debug] [2024-11-22T02:37:24.911Z] Checked if tokens are valid: true, expires at: 1732246625158
[debug] [2024-11-22T02:37:24.911Z] >>> [apiv2][query] POST https://cloudresourcemanager.googleapis.com/v1/projects/fire-wood-c69f3:testIamPermissions [none]
[debug] [2024-11-22T02:37:24.911Z] >>> [apiv2][(partial)header] POST https://cloudresourcemanager.googleapis.com/v1/projects/fire-wood-c69f3:testIamPermissions x-goog-quota-user=projects/fire-wood-c69f3
[debug] [2024-11-22T02:37:24.911Z] >>> [apiv2][body] POST https://cloudresourcemanager.googleapis.com/v1/projects/fire-wood-c69f3:testIamPermissions {"permissions":["firebase.projects.get","firebaseextensions.instances.list"]}
[debug] [2024-11-22T02:37:25.556Z] <<< [apiv2][status] POST https://cloudresourcemanager.googleapis.com/v1/projects/fire-wood-c69f3:testIamPermissions 200
[debug] [2024-11-22T02:37:25.556Z] <<< [apiv2][body] POST https://cloudresourcemanager.googleapis.com/v1/projects/fire-wood-c69f3:testIamPermissions {"permissions":["firebase.projects.get","firebaseextensions.instances.list"]}
[debug] [2024-11-22T02:37:25.556Z] Checked if tokens are valid: true, expires at: 1732246625158
[debug] [2024-11-22T02:37:25.556Z] Checked if tokens are valid: true, expires at: 1732246625158
[debug] [2024-11-22T02:37:25.557Z] >>> [apiv2][query] GET https://firebaseextensions.googleapis.com/v1beta/projects/fire-wood-c69f3/instances pageSize=100&pageToken=
[debug] [2024-11-22T02:37:26.476Z] <<< [apiv2][status] GET https://firebaseextensions.googleapis.com/v1beta/projects/fire-wood-c69f3/instances 200
[debug] [2024-11-22T02:37:26.476Z] <<< [apiv2][body] GET https://firebaseextensions.googleapis.com/v1beta/projects/fire-wood-c69f3/instances {}
[debug] [2024-11-22T02:37:26.477Z] Checked if tokens are valid: true, expires at: 1732246625158
[debug] [2024-11-22T02:37:26.477Z] Checked if tokens are valid: true, expires at: 1732246625158
[debug] [2024-11-22T02:37:26.477Z] >>> [apiv2][query] GET https://cloudfunctions.googleapis.com/v1/projects/fire-wood-c69f3/locations/-/functions [none]
[debug] [2024-11-22T02:37:27.674Z] <<< [apiv2][status] GET https://cloudfunctions.googleapis.com/v1/projects/fire-wood-c69f3/locations/-/functions 200
[debug] [2024-11-22T02:37:27.675Z] <<< [apiv2][body] GET https://cloudfunctions.googleapis.com/v1/projects/fire-wood-c69f3/locations/-/functions {}
[debug] [2024-11-22T02:37:27.675Z] Checked if tokens are valid: true, expires at: 1732246625158
[debug] [2024-11-22T02:37:27.675Z] Checked if tokens are valid: true, expires at: 1732246625158
[debug] [2024-11-22T02:37:27.675Z] >>> [apiv2][query] GET https://cloudfunctions.googleapis.com/v2/projects/fire-wood-c69f3/locations/-/functions filter=environment%3D%22GEN_2%22
[debug] [2024-11-22T02:37:28.218Z] <<< [apiv2][status] GET https://cloudfunctions.googleapis.com/v2/projects/fire-wood-c69f3/locations/-/functions 200
[debug] [2024-11-22T02:37:28.218Z] <<< [apiv2][body] GET https://cloudfunctions.googleapis.com/v2/projects/fire-wood-c69f3/locations/-/functions {}
[debug] [2024-11-22T02:37:28.223Z] Checked if tokens are valid: true, expires at: 1732246625158
[debug] [2024-11-22T02:37:28.223Z] Checked if tokens are valid: true, expires at: 1732246625158
[debug] [2024-11-22T02:37:28.223Z] >>> [apiv2][query] POST https://firebasehosting.googleapis.com/v1beta1/projects/-/sites/fire-wood-c69f3/versions [none]
[debug] [2024-11-22T02:37:28.223Z] >>> [apiv2][body] POST https://firebasehosting.googleapis.com/v1beta1/projects/-/sites/fire-wood-c69f3/versions {"status":"CREATED","labels":{"deployment-tool":"cli-firebase"}}
[debug] [2024-11-22T02:37:29.512Z] <<< [apiv2][status] POST https://firebasehosting.googleapis.com/v1beta1/projects/-/sites/fire-wood-c69f3/versions 200
[debug] [2024-11-22T02:37:29.512Z] <<< [apiv2][body] POST https://firebasehosting.googleapis.com/v1beta1/projects/-/sites/fire-wood-c69f3/versions {"name":"projects/161130091457/sites/fire-wood-c69f3/versions/cc65e0b8a8432fdb","status":"CREATED","config":{},"labels":{"deployment-tool":"cli-firebase"}}
[debug] [2024-11-22T02:37:29.513Z] Checked if tokens are valid: true, expires at: 1732246625158
[debug] [2024-11-22T02:37:29.513Z] Checked if tokens are valid: true, expires at: 1732246625158
[debug] [2024-11-22T02:37:29.513Z] >>> [apiv2][query] GET https://firebaserules.googleapis.com/v1/projects/fire-wood-c69f3/releases pageSize=10&pageToken=
[debug] [2024-11-22T02:37:30.277Z] <<< [apiv2][status] GET https://firebaserules.googleapis.com/v1/projects/fire-wood-c69f3/releases 200
[debug] [2024-11-22T02:37:30.277Z] <<< [apiv2][body] GET https://firebaserules.googleapis.com/v1/projects/fire-wood-c69f3/releases {"releases":[{"name":"projects/fire-wood-c69f3/releases/cloud.firestore","rulesetName":"projects/fire-wood-c69f3/rulesets/2c53537f-a98a-4298-9aec-ac0986d856f2","createTime":"2024-09-10T02:12:45.549624Z","updateTime":"2024-11-07T22:04:52.817077Z"},{"name":"projects/fire-wood-c69f3/releases/firebase.storage/fire-wood-c69f3.appspot.com","rulesetName":"projects/fire-wood-c69f3/rulesets/1801a227-24be-4928-9d0b-41df77642e43","createTime":"2024-09-10T02:10:36.041161Z","updateTime":"2024-11-07T22:04:52.537334Z"}]}
[debug] [2024-11-22T02:37:30.287Z] Checked if tokens are valid: true, expires at: 1732246625158
[debug] [2024-11-22T02:37:30.287Z] Checked if tokens are valid: true, expires at: 1732246625158
[debug] [2024-11-22T02:37:30.287Z] >>> [apiv2][query] GET https://firebaserules.googleapis.com/v1/projects/fire-wood-c69f3/rulesets/1801a227-24be-4928-9d0b-41df77642e43 [none]
[debug] [2024-11-22T02:37:30.533Z] <<< [apiv2][status] GET https://firebaserules.googleapis.com/v1/projects/fire-wood-c69f3/rulesets/1801a227-24be-4928-9d0b-41df77642e43 200
[debug] [2024-11-22T02:37:30.533Z] <<< [apiv2][body] GET https://firebaserules.googleapis.com/v1/projects/fire-wood-c69f3/rulesets/1801a227-24be-4928-9d0b-41df77642e43 [omitted]
[info] i  storage: latest version of storage.rules already up to date, skipping upload... 
[debug] [2024-11-22T02:37:30.534Z] Checked if tokens are valid: true, expires at: 1732246625158
[debug] [2024-11-22T02:37:30.535Z] Checked if tokens are valid: true, expires at: 1732246625158
[info] i  firestore: deploying indexes... 
[debug] [2024-11-22T02:37:30.535Z] Checked if tokens are valid: true, expires at: 1732246625158
[debug] [2024-11-22T02:37:30.535Z] Checked if tokens are valid: true, expires at: 1732246625158
[debug] [2024-11-22T02:37:30.535Z] >>> [apiv2][query] GET https://firebaserules.googleapis.com/v1/projects/fire-wood-c69f3/releases pageSize=10&pageToken=
[debug] [2024-11-22T02:37:30.536Z] >>> [apiv2][query] GET https://firestore.googleapis.com/v1/projects/fire-wood-c69f3/databases/(default)/collectionGroups/-/indexes [none]
[debug] [2024-11-22T02:37:30.783Z] <<< [apiv2][status] GET https://firebaserules.googleapis.com/v1/projects/fire-wood-c69f3/releases 200
[debug] [2024-11-22T02:37:30.784Z] <<< [apiv2][body] GET https://firebaserules.googleapis.com/v1/projects/fire-wood-c69f3/releases {"releases":[{"name":"projects/fire-wood-c69f3/releases/cloud.firestore","rulesetName":"projects/fire-wood-c69f3/rulesets/2c53537f-a98a-4298-9aec-ac0986d856f2","createTime":"2024-09-10T02:12:45.549624Z","updateTime":"2024-11-07T22:04:52.817077Z"},{"name":"projects/fire-wood-c69f3/releases/firebase.storage/fire-wood-c69f3.appspot.com","rulesetName":"projects/fire-wood-c69f3/rulesets/1801a227-24be-4928-9d0b-41df77642e43","createTime":"2024-09-10T02:10:36.041161Z","updateTime":"2024-11-07T22:04:52.537334Z"}]}
[debug] [2024-11-22T02:37:30.784Z] Checked if tokens are valid: true, expires at: 1732246625158
[debug] [2024-11-22T02:37:30.784Z] Checked if tokens are valid: true, expires at: 1732246625158
[debug] [2024-11-22T02:37:30.784Z] >>> [apiv2][query] GET https://firebaserules.googleapis.com/v1/projects/fire-wood-c69f3/rulesets/2c53537f-a98a-4298-9aec-ac0986d856f2 [none]
[debug] [2024-11-22T02:37:31.006Z] <<< [apiv2][status] GET https://firebaserules.googleapis.com/v1/projects/fire-wood-c69f3/rulesets/2c53537f-a98a-4298-9aec-ac0986d856f2 200
[debug] [2024-11-22T02:37:31.006Z] <<< [apiv2][body] GET https://firebaserules.googleapis.com/v1/projects/fire-wood-c69f3/rulesets/2c53537f-a98a-4298-9aec-ac0986d856f2 [omitted]
[info] i  firestore: latest version of firestore.rules already up to date, skipping upload... 
[debug] [2024-11-22T02:37:32.581Z] <<< [apiv2][status] GET https://firestore.googleapis.com/v1/projects/fire-wood-c69f3/databases/(default)/collectionGroups/-/indexes 200
[debug] [2024-11-22T02:37:32.581Z] <<< [apiv2][body] GET https://firestore.googleapis.com/v1/projects/fire-wood-c69f3/databases/(default)/collectionGroups/-/indexes {}
[debug] [2024-11-22T02:37:32.581Z] Checked if tokens are valid: true, expires at: 1732246625158
[debug] [2024-11-22T02:37:32.581Z] Checked if tokens are valid: true, expires at: 1732246625158
[debug] [2024-11-22T02:37:32.581Z] >>> [apiv2][query] GET https://firestore.googleapis.com/v1/projects/fire-wood-c69f3/databases/(default)/collectionGroups/-/fields?filter=indexConfig.usesAncestorConfig=false OR ttlConfig:* [none]
[debug] [2024-11-22T02:37:33.105Z] <<< [apiv2][status] GET https://firestore.googleapis.com/v1/projects/fire-wood-c69f3/databases/(default)/collectionGroups/-/fields?filter=indexConfig.usesAncestorConfig=false OR ttlConfig:* 200
[debug] [2024-11-22T02:37:33.105Z] <<< [apiv2][body] GET https://firestore.googleapis.com/v1/projects/fire-wood-c69f3/databases/(default)/collectionGroups/-/fields?filter=indexConfig.usesAncestorConfig=false OR ttlConfig:* {"fields":[{"name":"projects/fire-wood-c69f3/databases/(default)/collectionGroups/__default__/fields/*","indexConfig":{"indexes":[{"queryScope":"COLLECTION","fields":[{"fieldPath":"*","order":"ASCENDING"}],"state":"READY"},{"queryScope":"COLLECTION","fields":[{"fieldPath":"*","order":"DESCENDING"}],"state":"READY"},{"queryScope":"COLLECTION","fields":[{"fieldPath":"*","arrayConfig":"CONTAINS"}],"state":"READY"}]}}]}
[info] +  firestore: deployed indexes in firestore.indexes.json successfully for (default) database 
[debug] [2024-11-22T02:37:33.105Z] Checked if tokens are valid: true, expires at: 1732246625158
[debug] [2024-11-22T02:37:33.105Z] Checked if tokens are valid: true, expires at: 1732246625158
[debug] [2024-11-22T02:37:33.105Z] >>> [apiv2][query] GET https://cloudbilling.googleapis.com/v1/projects/fire-wood-c69f3/billingInfo [none]
[debug] [2024-11-22T02:37:34.146Z] <<< [apiv2][status] GET https://cloudbilling.googleapis.com/v1/projects/fire-wood-c69f3/billingInfo 200
[debug] [2024-11-22T02:37:34.146Z] <<< [apiv2][body] GET https://cloudbilling.googleapis.com/v1/projects/fire-wood-c69f3/billingInfo {"name":"projects/fire-wood-c69f3/billingInfo","projectId":"fire-wood-c69f3","billingAccountName":"billingAccounts/016531-58151E-E3E0FE","billingEnabled":false}
[debug] [2024-11-22T02:37:34.146Z] Checked if tokens are valid: true, expires at: 1732246625158
[debug] [2024-11-22T02:37:34.146Z] Checked if tokens are valid: true, expires at: 1732246625158
[debug] [2024-11-22T02:37:34.146Z] >>> [apiv2][query] GET https://cloudbilling.googleapis.com/v1/billingAccounts [none]
[debug] [2024-11-22T02:37:34.441Z] <<< [apiv2][status] GET https://cloudbilling.googleapis.com/v1/billingAccounts 200
[debug] [2024-11-22T02:37:34.441Z] <<< [apiv2][body] GET https://cloudbilling.googleapis.com/v1/billingAccounts {"billingAccounts":[{"name":"billingAccounts/016531-58151E-E3E0FE","open":false,"displayName":"Firebase Payment","masterBillingAccount":"","parent":"","currencyCode":"NZD"}],"nextPageToken":""}
[info] 
[info] Extension require your project to be upgraded to the Blaze plan. Please visit the following link to add a billing account:
[info] 
[info] https://console.cloud.google.com/billing/linkedaccount?project=fire-wood-c69f3
[info] 
